<?xml version="1.0" encoding="UTF-8"?>
<testsuite name="TestPracticeForm" tests="1" skipped="0" failures="0" errors="0" timestamp="2024-09-17T15:56:09" hostname="DESKTOP-77V5JEV" time="2.224">
  <properties/>
  <testcase name="fillFormTest()" classname="TestPracticeForm" time="2.224"/>
  <system-out><![CDATA[]]></system-out>
  <system-err><![CDATA[[Test worker] INFO com.codeborne.selenide.impl.WebDriverThreadLocalContainer - No webdriver is bound to current thread: 1 - let's create a new webdriver
[Test worker] INFO com.codeborne.selenide.impl.FileHelper - Creating folder: C:\Users\MaxxPC\IdeaProjects\Practice-Form.AutoTest\build\downloads\1726588569918_17512_1
[Test worker] INFO com.codeborne.selenide.webdriver.SelenideNettyClientFactory - Changed readTimeout from PT3M to PT1M30S
[Test worker] INFO com.codeborne.selenide.webdriver.SelenideNettyClientFactory - Changed readTimeout from PT3M to PT1M30S
сент. 17, 2024 7:56:10 PM org.openqa.selenium.devtools.CdpVersionFinder findNearestMatch
WARNING: Unable to find CDP implementation matching 128
сент. 17, 2024 7:56:10 PM org.openqa.selenium.chromium.ChromiumDriver lambda$new$5
WARNING: Unable to find version of CDP to use for 128.0.6613.138. You may need to include a dependency on a specific version of the CDP using something similar to `org.seleniumhq.selenium:selenium-devtools-v86:4.13.0` where the version ("v86") matches the version of the chromium-based browser you're using and the version number of the artifact is the same as Selenium's.
[Test worker] INFO com.codeborne.selenide.webdriver.WebDriverFactory - BrowserName=chrome Version=128.0.6613.138 Platform=windows
[Test worker] INFO com.codeborne.selenide.webdriver.WebDriverFactory - Selenide v. 6.19.1
[Test worker] INFO com.codeborne.selenide.webdriver.WebDriverFactory - Selenium WebDriver v. 4.13.0 build revision: ba948ece5b*
[Test worker] INFO com.codeborne.selenide.drivercommands.CreateDriverCommand - Created webdriver in thread 1: ChromeDriver -> ChromeDriver: chrome on windows (afc74b842ec0033749f6ff936181ce70)
[Test worker] INFO com.codeborne.selenide.drivercommands.DisposablesRegistry - Register WebDriverInstance[config=StaticConfig,webDriver=ChromeDriver: chrome on windows (afc74b842ec0033749f6ff936181ce70),proxy=null,downloadsFolder=C:\Users\MaxxPC\IdeaProjects\Practice-Form.AutoTest\build\downloads\1726588569918_17512_1] in 1 [size=1]
[Test worker] INFO com.codeborne.selenide.drivercommands.DisposablesRegistry - Add shutdown hook in 1 [size=1]
[Test worker] INFO com.codeborne.selenide.impl.WebDriverThreadLocalContainer - Browser will stay open due to holdBrowserOpen=true: 1 -> ChromeDriver: chrome on windows (afc74b842ec0033749f6ff936181ce70)
]]></system-err>
</testsuite>
